[INFO] Scanning for projects...
[WARNING] 
[WARNING] Some problems were encountered while building the effective model for com.sap.cc.bulletinboard.ads:bulletinboard-ads:jar:0.0.1-SNAPSHOT
[WARNING] 'dependencies.dependency.(groupId:artifactId:type:classifier)' must be unique: org.springframework.boot:spring-boot-devtools:jar -> version 3.0.4 vs (?) @ line 102, column 15
[WARNING] 
[WARNING] It is highly recommended to fix these problems because they threaten the stability of your build.
[WARNING] 
[WARNING] For this reason, future Maven versions might no longer support building such malformed projects.
[WARNING] 
[INFO] 
[INFO] -----------< com.sap.cc.bulletinboard.ads:bulletinboard-ads >-----------
[INFO] Building bulletinboard-ads 0.0.1-SNAPSHOT
[INFO] --------------------------------[ jar ]---------------------------------
[INFO] 
[INFO] --- maven-resources-plugin:3.1.0:resources (default-resources) @ bulletinboard-ads ---
[INFO] Using 'UTF-8' encoding to copy filtered resources.
[INFO] Copying 1 resource
[INFO] Copying 7 resources
[INFO] 
[INFO] --- maven-compiler-plugin:3.8.1:compile (default-compile) @ bulletinboard-ads ---
[INFO] Changes detected - recompiling the module!
[INFO] Compiling 9 source files to /home/root/cloud_native/exercise-code-java/target/classes
[INFO] 
[INFO] --- maven-resources-plugin:3.1.0:testResources (default-testResources) @ bulletinboard-ads ---
[INFO] Using 'UTF-8' encoding to copy filtered resources.
[INFO] skip non existing resourceDirectory /home/root/cloud_native/exercise-code-java/src/test/resources
[INFO] 
[INFO] --- maven-compiler-plugin:3.8.1:testCompile (default-testCompile) @ bulletinboard-ads ---
[INFO] Changes detected - recompiling the module!
[INFO] Compiling 5 source files to /home/root/cloud_native/exercise-code-java/target/test-classes
[INFO] 
[INFO] --- maven-surefire-plugin:2.22.2:test (default-test) @ bulletinboard-ads ---
[INFO] 
[INFO] -------------------------------------------------------
[INFO]  T E S T S
[INFO] -------------------------------------------------------
[INFO] Running com.sap.cc.bulletinboard.ads.AdvertisementServiceTest
14:55:58.057 [main] DEBUG org.springframework.test.context.BootstrapUtils - Instantiating CacheAwareContextLoaderDelegate from class [org.springframework.test.context.cache.DefaultCacheAwareContextLoaderDelegate]
14:55:58.072 [main] DEBUG org.springframework.test.context.BootstrapUtils - Instantiating BootstrapContext using constructor [public org.springframework.test.context.support.DefaultBootstrapContext(java.lang.Class,org.springframework.test.context.CacheAwareContextLoaderDelegate)]
14:55:58.110 [main] DEBUG org.springframework.test.context.BootstrapUtils - Instantiating TestContextBootstrapper for test class [com.sap.cc.bulletinboard.ads.AdvertisementServiceTest] from class [org.springframework.boot.test.context.SpringBootTestContextBootstrapper]
14:55:58.126 [main] INFO org.springframework.boot.test.context.SpringBootTestContextBootstrapper - Neither @ContextConfiguration nor @ContextHierarchy found for test class [com.sap.cc.bulletinboard.ads.AdvertisementServiceTest], using SpringBootContextLoader
14:55:58.131 [main] DEBUG org.springframework.test.context.support.AbstractContextLoader - Did not detect default resource location for test class [com.sap.cc.bulletinboard.ads.AdvertisementServiceTest]: class path resource [com/sap/cc/bulletinboard/ads/AdvertisementServiceTest-context.xml] does not exist
14:55:58.131 [main] DEBUG org.springframework.test.context.support.AbstractContextLoader - Did not detect default resource location for test class [com.sap.cc.bulletinboard.ads.AdvertisementServiceTest]: class path resource [com/sap/cc/bulletinboard/ads/AdvertisementServiceTestContext.groovy] does not exist
14:55:58.131 [main] INFO org.springframework.test.context.support.AbstractContextLoader - Could not detect default resource locations for test class [com.sap.cc.bulletinboard.ads.AdvertisementServiceTest]: no resource found for suffixes {-context.xml, Context.groovy}.
14:55:58.132 [main] INFO org.springframework.test.context.support.AnnotationConfigContextLoaderUtils - Could not detect default configuration classes for test class [com.sap.cc.bulletinboard.ads.AdvertisementServiceTest]: AdvertisementServiceTest does not declare any static, non-private, non-final, nested classes annotated with @Configuration.
14:55:58.187 [main] DEBUG org.springframework.test.context.support.ActiveProfilesUtils - Could not find an 'annotation declaring class' for annotation type [org.springframework.test.context.ActiveProfiles] and class [com.sap.cc.bulletinboard.ads.AdvertisementServiceTest]
14:55:58.282 [main] DEBUG org.springframework.context.annotation.ClassPathScanningCandidateComponentProvider - Identified candidate component class: file [/home/root/cloud_native/exercise-code-java/target/classes/com/sap/cc/bulletinboard/BulletinboardAdsApplication.class]
14:55:58.283 [main] INFO org.springframework.boot.test.context.SpringBootTestContextBootstrapper - Found @SpringBootConfiguration com.sap.cc.bulletinboard.BulletinboardAdsApplication for test class com.sap.cc.bulletinboard.ads.AdvertisementServiceTest
14:55:58.382 [main] DEBUG org.springframework.boot.test.context.SpringBootTestContextBootstrapper - @TestExecutionListeners is not present for class [com.sap.cc.bulletinboard.ads.AdvertisementServiceTest]: using defaults.
14:55:58.383 [main] INFO org.springframework.boot.test.context.SpringBootTestContextBootstrapper - Loaded default TestExecutionListener class names from location [META-INF/spring.factories]: [org.springframework.boot.test.mock.mockito.MockitoTestExecutionListener, org.springframework.boot.test.mock.mockito.ResetMocksTestExecutionListener, org.springframework.boot.test.autoconfigure.restdocs.RestDocsTestExecutionListener, org.springframework.boot.test.autoconfigure.web.client.MockRestServiceServerResetTestExecutionListener, org.springframework.boot.test.autoconfigure.web.servlet.MockMvcPrintOnlyOnFailureTestExecutionListener, org.springframework.boot.test.autoconfigure.web.servlet.WebDriverTestExecutionListener, org.springframework.boot.test.autoconfigure.webservices.client.MockWebServiceServerTestExecutionListener, org.springframework.test.context.web.ServletTestExecutionListener, org.springframework.test.context.support.DirtiesContextBeforeModesTestExecutionListener, org.springframework.test.context.support.DependencyInjectionTestExecutionListener, org.springframework.test.context.support.DirtiesContextTestExecutionListener, org.springframework.test.context.transaction.TransactionalTestExecutionListener, org.springframework.test.context.jdbc.SqlScriptsTestExecutionListener, org.springframework.test.context.event.EventPublishingTestExecutionListener]
14:55:58.399 [main] INFO org.springframework.boot.test.context.SpringBootTestContextBootstrapper - Using TestExecutionListeners: [org.springframework.test.context.web.ServletTestExecutionListener@3daf7722, org.springframework.test.context.support.DirtiesContextBeforeModesTestExecutionListener@78641d23, org.springframework.boot.test.mock.mockito.MockitoTestExecutionListener@74589991, org.springframework.boot.test.autoconfigure.SpringBootDependencyInjectionTestExecutionListener@146dfe6, org.springframework.test.context.support.DirtiesContextTestExecutionListener@4716be8b, org.springframework.test.context.transaction.TransactionalTestExecutionListener@1fc32e4f, org.springframework.test.context.jdbc.SqlScriptsTestExecutionListener@2f67b837, org.springframework.test.context.event.EventPublishingTestExecutionListener@1869fbd2, org.springframework.boot.test.mock.mockito.ResetMocksTestExecutionListener@6af9fcb2, org.springframework.boot.test.autoconfigure.restdocs.RestDocsTestExecutionListener@6cce16f4, org.springframework.boot.test.autoconfigure.web.client.MockRestServiceServerResetTestExecutionListener@7efaad5a, org.springframework.boot.test.autoconfigure.web.servlet.MockMvcPrintOnlyOnFailureTestExecutionListener@291a7e3c, org.springframework.boot.test.autoconfigure.web.servlet.WebDriverTestExecutionListener@ca30bc1, org.springframework.boot.test.autoconfigure.webservices.client.MockWebServiceServerTestExecutionListener@1046d517]
14:55:58.403 [main] DEBUG org.springframework.test.context.support.AbstractDirtiesContextTestExecutionListener - Before test class: context [DefaultTestContext@141e5bef testClass = AdvertisementServiceTest, testInstance = [null], testMethod = [null], testException = [null], mergedContextConfiguration = [WebMergedContextConfiguration@5f9be66c testClass = AdvertisementServiceTest, locations = '{}', classes = '{class com.sap.cc.bulletinboard.BulletinboardAdsApplication}', contextInitializerClasses = '[]', activeProfiles = '{}', propertySourceLocations = '{}', propertySourceProperties = '{org.springframework.boot.test.context.SpringBootTestContextBootstrapper=true}', contextCustomizers = set[[ImportsContextCustomizer@3abada5a key = [org.springframework.boot.test.autoconfigure.web.servlet.MockMvcAutoConfiguration, org.springframework.boot.test.autoconfigure.web.servlet.MockMvcWebClientAutoConfiguration, org.springframework.boot.test.autoconfigure.web.servlet.MockMvcWebDriverAutoConfiguration, org.springframework.boot.autoconfigure.security.oauth2.client.servlet.OAuth2ClientAutoConfiguration, org.springframework.boot.autoconfigure.security.oauth2.resource.servlet.OAuth2ResourceServerAutoConfiguration, org.springframework.boot.autoconfigure.security.servlet.SecurityAutoConfiguration, org.springframework.boot.autoconfigure.security.servlet.SecurityFilterAutoConfiguration, org.springframework.boot.autoconfigure.security.servlet.UserDetailsServiceAutoConfiguration, org.springframework.boot.test.autoconfigure.web.servlet.MockMvcSecurityConfiguration]], org.springframework.boot.test.context.filter.ExcludeFilterContextCustomizer@6d4e5011, org.springframework.boot.test.json.DuplicateJsonObjectContextCustomizerFactory$DuplicateJsonObjectContextCustomizer@78123e82, org.springframework.boot.test.mock.mockito.MockitoContextCustomizer@0, org.springframework.boot.test.web.client.TestRestTemplateContextCustomizer@f736069, org.springframework.boot.test.web.reactive.server.WebTestClientContextCustomizer@22ef9844, org.springframework.boot.test.autoconfigure.properties.PropertyMappingContextCustomizer@4b3fa0b3, org.springframework.boot.test.autoconfigure.web.servlet.WebDriverContextCustomizerFactory$Customizer@306e95ec, org.springframework.boot.test.context.SpringBootTestArgs@1], resourceBasePath = 'src/main/webapp', contextLoader = 'org.springframework.boot.test.context.SpringBootContextLoader', parent = [null]], attributes = map['org.springframework.test.context.web.ServletTestExecutionListener.activateListener' -> true]], class annotated with @DirtiesContext [false] with mode [null].
14:55:58.444 [main] DEBUG org.springframework.test.context.support.TestPropertySourceUtils - Adding inlined properties to environment: {spring.jmx.enabled=false, org.springframework.boot.test.context.SpringBootTestContextBootstrapper=true}

  .   ____          _            __ _ _
 /\\ / ___'_ __ _ _(_)_ __  __ _ \ \ \ \
( ( )\___ | '_ | '_| | '_ \/ _` | \ \ \ \
 \\/  ___)| |_)| | | | | || (_| |  ) ) ) )
  '  |____| .__|_| |_|_| |_\__, | / / / /
 =========|_|==============|___/=/_/_/_/
 :: Spring Boot ::        (v2.3.1.RELEASE)

{"msg":"Starting AdvertisementServiceTest on qw-test with PID 1551803 (started by root in /home/root/cloud_native/exercise-code-java)","level":"INFO","written_ts":"1693983358852023226","logger":"com.sap.cc.bulletinboard.ads.AdvertisementServiceTest","written_at":"2023-09-06T06:55:58.843Z","thread":"main","type":"log"}
{"msg":"Running with Spring Boot v2.3.1.RELEASE, Spring v5.2.7.RELEASE","level":"DEBUG","written_ts":"1693983358857327054","logger":"com.sap.cc.bulletinboard.ads.AdvertisementServiceTest","written_at":"2023-09-06T06:55:58.857Z","thread":"main","type":"log"}
{"msg":"No active profile set, falling back to default profiles: default","level":"INFO","written_ts":"1693983358858551050","logger":"com.sap.cc.bulletinboard.ads.AdvertisementServiceTest","written_at":"2023-09-06T06:55:58.858Z","thread":"main","type":"log"}
{"msg":"Bootstrapping Spring Data JPA repositories in DEFAULT mode.","level":"INFO","written_ts":"1693983359495983143","logger":"org.springframework.data.repository.config.RepositoryConfigurationDelegate","written_at":"2023-09-06T06:55:59.494Z","thread":"main","type":"log"}
{"msg":"Finished Spring Data repository scanning in 144ms. Found 1 JPA repository interfaces.","level":"INFO","written_ts":"1693983359648796276","logger":"org.springframework.data.repository.config.RepositoryConfigurationDelegate","written_at":"2023-09-06T06:55:59.648Z","thread":"main","type":"log"}
{"msg":"HHH000204: Processing PersistenceUnitInfo [name: default]","level":"INFO","written_ts":"1693983360482368106","logger":"org.hibernate.jpa.internal.util.LogHelper","written_at":"2023-09-06T06:56:00.482Z","thread":"main","type":"log"}
{"msg":"HHH000412: Hibernate ORM core version 5.4.17.Final","level":"INFO","written_ts":"1693983360540128974","logger":"org.hibernate.Version","written_at":"2023-09-06T06:56:00.539Z","thread":"main","type":"log"}
{"msg":"HCANN000001: Hibernate Commons Annotations {5.1.0.Final}","level":"INFO","written_ts":"1693983360704314599","logger":"org.hibernate.annotations.common.Version","written_at":"2023-09-06T06:56:00.704Z","thread":"main","type":"log"}
{"msg":"HikariPool-1 - Starting...","level":"INFO","written_ts":"1693983360833521609","logger":"com.zaxxer.hikari.HikariDataSource","written_at":"2023-09-06T06:56:00.833Z","thread":"main","type":"log"}
{"msg":"HikariPool-1 - Start completed.","level":"INFO","written_ts":"1693983361103779170","logger":"com.zaxxer.hikari.HikariDataSource","written_at":"2023-09-06T06:56:01.103Z","thread":"main","type":"log"}
{"msg":"HHH000400: Using dialect: org.hibernate.dialect.PostgreSQL10Dialect","level":"INFO","written_ts":"1693983361140042382","logger":"org.hibernate.dialect.Dialect","written_at":"2023-09-06T06:56:01.139Z","thread":"main","type":"log"}
{"msg":"HHH000490: Using JtaPlatform implementation: [org.hibernate.engine.transaction.jta.platform.internal.NoJtaPlatform]","level":"INFO","written_ts":"1693983361790231175","logger":"org.hibernate.engine.transaction.jta.platform.internal.JtaPlatformInitiator","written_at":"2023-09-06T06:56:01.790Z","thread":"main","type":"log"}
{"msg":"Initialized JPA EntityManagerFactory for persistence unit 'default'","level":"INFO","written_ts":"1693983361797796479","logger":"org.springframework.orm.jpa.LocalContainerEntityManagerFactoryBean","written_at":"2023-09-06T06:56:01.797Z","thread":"main","type":"log"}
{"msg":"spring.jpa.open-in-view is enabled by default. Therefore, database queries may be performed during view rendering. Explicitly configure spring.jpa.open-in-view to disable this warning","level":"WARN","written_ts":"1693983362628708607","logger":"org.springframework.boot.autoconfigure.orm.jpa.JpaBaseConfiguration$JpaWebConfiguration","written_at":"2023-09-06T06:56:02.628Z","thread":"main","type":"log"}
{"msg":"Initializing ExecutorService 'applicationTaskExecutor'","level":"INFO","written_ts":"1693983362774380982","logger":"org.springframework.scheduling.concurrent.ThreadPoolTaskExecutor","written_at":"2023-09-06T06:56:02.774Z","thread":"main","type":"log"}
{"msg":"Adding welcome page: class path resource [static/index.html]","level":"INFO","written_ts":"1693983362873455338","logger":"org.springframework.boot.autoconfigure.web.servlet.WelcomePageHandlerMapping","written_at":"2023-09-06T06:56:02.873Z","thread":"main","type":"log"}
{"msg":"Initializing Spring TestDispatcherServlet ''","level":"INFO","written_ts":"1693983363157792585","logger":"org.springframework.boot.test.mock.web.SpringBootMockServletContext","written_at":"2023-09-06T06:56:03.157Z","thread":"main","type":"log"}
{"msg":"Initializing Servlet ''","level":"INFO","written_ts":"1693983363158105493","logger":"org.springframework.test.web.servlet.TestDispatcherServlet","written_at":"2023-09-06T06:56:03.158Z","thread":"main","type":"log"}
{"msg":"Completed initialization in 12 ms","level":"INFO","written_ts":"1693983363170724843","logger":"org.springframework.test.web.servlet.TestDispatcherServlet","written_at":"2023-09-06T06:56:03.170Z","thread":"main","type":"log"}
{"msg":"Started AdvertisementServiceTest in 4.741 seconds (JVM running for 5.832)","level":"INFO","written_ts":"1693983363194588997","logger":"com.sap.cc.bulletinboard.ads.AdvertisementServiceTest","written_at":"2023-09-06T06:56:03.194Z","thread":"main","type":"log"}
[INFO] Tests run: 7, Failures: 0, Errors: 0, Skipped: 0, Time elapsed: 5.818 s - in com.sap.cc.bulletinboard.ads.AdvertisementServiceTest
[INFO] Running com.sap.cc.bulletinboard.ads.SmokeTests
[WARNING] Tests run: 1, Failures: 0, Errors: 0, Skipped: 1, Time elapsed: 0 s - in com.sap.cc.bulletinboard.ads.SmokeTests
[INFO] Running com.sap.cc.bulletinboard.ads.AdvertisementTest
{"msg":"Neither @ContextConfiguration nor @ContextHierarchy found for test class [com.sap.cc.bulletinboard.ads.AdvertisementTest], using SpringBootContextLoader","level":"INFO","written_ts":"1693983363787461939","logger":"org.springframework.boot.test.context.SpringBootTestContextBootstrapper","written_at":"2023-09-06T06:56:03.787Z","thread":"main","type":"log"}
{"msg":"Could not detect default resource locations for test class [com.sap.cc.bulletinboard.ads.AdvertisementTest]: no resource found for suffixes {-context.xml, Context.groovy}.","level":"INFO","written_ts":"1693983363788269695","logger":"org.springframework.test.context.support.AbstractContextLoader","written_at":"2023-09-06T06:56:03.788Z","thread":"main","type":"log"}
{"msg":"Could not detect default configuration classes for test class [com.sap.cc.bulletinboard.ads.AdvertisementTest]: AdvertisementTest does not declare any static, non-private, non-final, nested classes annotated with @Configuration.","level":"INFO","written_ts":"1693983363788549139","logger":"org.springframework.test.context.support.AnnotationConfigContextLoaderUtils","written_at":"2023-09-06T06:56:03.788Z","thread":"main","type":"log"}
{"msg":"Found @SpringBootConfiguration com.sap.cc.bulletinboard.BulletinboardAdsApplication for test class com.sap.cc.bulletinboard.ads.AdvertisementTest","level":"INFO","written_ts":"1693983363791436001","logger":"org.springframework.boot.test.context.SpringBootTestContextBootstrapper","written_at":"2023-09-06T06:56:03.791Z","thread":"main","type":"log"}
{"msg":"Loaded default TestExecutionListener class names from location [META-INF/spring.factories]: [org.springframework.boot.test.mock.mockito.MockitoTestExecutionListener, org.springframework.boot.test.mock.mockito.ResetMocksTestExecutionListener, org.springframework.boot.test.autoconfigure.restdocs.RestDocsTestExecutionListener, org.springframework.boot.test.autoconfigure.web.client.MockRestServiceServerResetTestExecutionListener, org.springframework.boot.test.autoconfigure.web.servlet.MockMvcPrintOnlyOnFailureTestExecutionListener, org.springframework.boot.test.autoconfigure.web.servlet.WebDriverTestExecutionListener, org.springframework.boot.test.autoconfigure.webservices.client.MockWebServiceServerTestExecutionListener, org.springframework.test.context.web.ServletTestExecutionListener, org.springframework.test.context.support.DirtiesContextBeforeModesTestExecutionListener, org.springframework.test.context.support.DependencyInjectionTestExecutionListener, org.springframework.test.context.support.DirtiesContextTestExecutionListener, org.springframework.test.context.transaction.TransactionalTestExecutionListener, org.springframework.test.context.jdbc.SqlScriptsTestExecutionListener, org.springframework.test.context.event.EventPublishingTestExecutionListener]","level":"INFO","written_ts":"1693983363792625766","logger":"org.springframework.boot.test.context.SpringBootTestContextBootstrapper","written_at":"2023-09-06T06:56:03.792Z","thread":"main","type":"log"}
{"msg":"Using TestExecutionListeners: [org.springframework.test.context.web.ServletTestExecutionListener@75c45c4b, org.springframework.test.context.support.DirtiesContextBeforeModesTestExecutionListener@7202009e, org.springframework.boot.test.mock.mockito.MockitoTestExecutionListener@133d0471, org.springframework.boot.test.autoconfigure.SpringBootDependencyInjectionTestExecutionListener@33cec966, org.springframework.test.context.support.DirtiesContextTestExecutionListener@643fed50, org.springframework.test.context.transaction.TransactionalTestExecutionListener@65b07b9, org.springframework.test.context.jdbc.SqlScriptsTestExecutionListener@7dbe858f, org.springframework.test.context.event.EventPublishingTestExecutionListener@387ef6a7, org.springframework.boot.test.mock.mockito.ResetMocksTestExecutionListener@2330c995, org.springframework.boot.test.autoconfigure.restdocs.RestDocsTestExecutionListener@7d086485, org.springframework.boot.test.autoconfigure.web.client.MockRestServiceServerResetTestExecutionListener@74130456, org.springframework.boot.test.autoconfigure.web.servlet.MockMvcPrintOnlyOnFailureTestExecutionListener@3b171fbd, org.springframework.boot.test.autoconfigure.web.servlet.WebDriverTestExecutionListener@1ece052b, org.springframework.boot.test.autoconfigure.webservices.client.MockWebServiceServerTestExecutionListener@20dc763b]","level":"INFO","written_ts":"1693983363793156447","logger":"org.springframework.boot.test.context.SpringBootTestContextBootstrapper","written_at":"2023-09-06T06:56:03.793Z","thread":"main","type":"log"}
{"msg":"The header key used to retrieve the dynamic log level token has been set to the default value: SAP-LOG-LEVEL","level":"INFO","written_ts":"1693983363820294006","logger":"com.sap.hcp.cf.logging.servlet.dynlog.DynLogEnvironment","thread":"main","type":"log","correlation_id":"3fa3e4a8-dee8-465b-95b1-3dc662a98a1b","written_at":"2023-09-06T06:56:03.820Z"}
{"msg":"DYN_LOG_LEVEL_KEY not found in environment","level":"INFO","written_ts":"1693983363820900343","logger":"com.sap.hcp.cf.logging.servlet.dynlog.PublicKeyReader","thread":"main","type":"log","correlation_id":"3fa3e4a8-dee8-465b-95b1-3dc662a98a1b","written_at":"2023-09-06T06:56:03.820Z"}
{"msg":"This is a sample log msg","level":"INFO","written_ts":"1693983363853293740","logger":"com.sap.cc.bulletinboard.ads.AdvertisementController","thread":"main","type":"log","endpoint":"/api/v1/ads/121","correlation_id":"3fa3e4a8-dee8-465b-95b1-3dc662a98a1b","written_at":"2023-09-06T06:56:03.853Z"}
{"msg":"Requested id: 121","level":"INFO","written_ts":"1693983363853593489","logger":"com.sap.cc.bulletinboard.ads.AdvertisementController","thread":"main","type":"log","endpoint":"/api/v1/ads/121","correlation_id":"3fa3e4a8-dee8-465b-95b1-3dc662a98a1b","written_at":"2023-09-06T06:56:03.853Z"}
{"msg":"Requested advertisement, id: 121,title: Updated Title9.4","level":"TRACE","written_ts":"1693983363857446826","logger":"com.sap.cc.bulletinboard.ads.AdvertisementController","thread":"main","type":"log","endpoint":"/api/v1/ads/121","correlation_id":"3fa3e4a8-dee8-465b-95b1-3dc662a98a1b","written_at":"2023-09-06T06:56:03.857Z"}
{"categories":["request"],"request":"/api/v1/ads/121","request_size_b":-1,"logger":"com.sap.hcp.cf.logging.servlet.filter.RequestLogger","type":"request","layer":"[SERVLET]","protocol":"HTTP/1.1","remote_ip":"redacted","response_content_type":"application/json","request_received_at":"2023-09-06T06:56:03.829197285Z","written_at":"2023-09-06T06:56:07.016Z","response_time_ms":3186.872136,"direction":"IN","response_sent_at":"2023-09-06T06:56:07.016069421Z","response_status":200,"method":"GET","level":"INFO","response_size_b":120,"written_ts":"1693983367016929505","remote_port":"redacted","thread":"main","remote_host":"redacted","correlation_id":"3fa3e4a8-dee8-465b-95b1-3dc662a98a1b"}
{"categories":["request"],"request":"/api/v1/ads/","request_size_b":-1,"logger":"com.sap.hcp.cf.logging.servlet.filter.RequestLogger","type":"request","layer":"[SERVLET]","protocol":"HTTP/1.1","remote_ip":"redacted","response_content_type":"application/json","request_received_at":"2023-09-06T06:56:07.082543257Z","written_at":"2023-09-06T06:56:07.148Z","response_time_ms":66.276947,"direction":"IN","response_sent_at":"2023-09-06T06:56:07.148820204Z","response_status":200,"method":"GET","level":"INFO","response_size_b":10445,"written_ts":"1693983367149314151","remote_port":"redacted","thread":"main","remote_host":"redacted","correlation_id":"f4a0737f-dd0b-44c1-8fee-6625fc16a869"}
{"msg":"This is a sample log msg","level":"INFO","written_ts":"1693983367199758566","logger":"com.sap.cc.bulletinboard.ads.AdvertisementController","thread":"main","type":"log","endpoint":"/api/v1/ads/100","correlation_id":"f69b9a10-0ff8-405a-942f-c5ddebd3d25f","written_at":"2023-09-06T06:56:07.199Z"}
{"msg":"Requested id: 100","level":"INFO","written_ts":"1693983367200384029","logger":"com.sap.cc.bulletinboard.ads.AdvertisementController","thread":"main","type":"log","endpoint":"/api/v1/ads/100","correlation_id":"f69b9a10-0ff8-405a-942f-c5ddebd3d25f","written_at":"2023-09-06T06:56:07.200Z"}
{"msg":"Not found advertisement, id: 100","level":"WARN","written_ts":"1693983367210563736","logger":"com.sap.cc.bulletinboard.ads.AdvertisementController","thread":"main","type":"log","endpoint":"/api/v1/ads/100","correlation_id":"f69b9a10-0ff8-405a-942f-c5ddebd3d25f","written_at":"2023-09-06T06:56:07.210Z"}
{"categories":["request"],"request":"/api/v1/ads/100","request_size_b":-1,"logger":"com.sap.hcp.cf.logging.servlet.filter.RequestLogger","type":"request","layer":"[SERVLET]","protocol":"HTTP/1.1","remote_ip":"redacted","request_received_at":"2023-09-06T06:56:07.197796020Z","written_at":"2023-09-06T06:56:07.212Z","response_time_ms":14.737858,"direction":"IN","response_sent_at":"2023-09-06T06:56:07.212533878Z","response_status":404,"method":"GET","level":"INFO","response_size_b":-1,"written_ts":"1693983367212768485","remote_port":"redacted","thread":"main","remote_host":"redacted","correlation_id":"f69b9a10-0ff8-405a-942f-c5ddebd3d25f"}
{"msg":"This is a sample log msg","level":"INFO","written_ts":"1693983367227682997","logger":"com.sap.cc.bulletinboard.ads.AdvertisementController","thread":"main","type":"log","endpoint":"/api/v1/ads/-2","correlation_id":"c7ab52a9-67e4-4b2c-a08f-527ed3bde8c6","written_at":"2023-09-06T06:56:07.227Z"}
{"msg":"Negative advertisement ID: -2\n java.base/java.lang.Thread.getStackTrace(Thread.java:1610)\ncom.sap.cc.bulletinboard.ads.AdvertisementController.getSingleAdvertisement(AdvertisementController.java:48)\njava.base/jdk.internal.reflect.NativeMethodAccessorImpl.invoke0(Native Method)\njava.base/jdk.internal.reflect.NativeMethodAccessorImpl.invoke(NativeMethodAccessorImpl.java:77)\njava.base/jdk.internal.reflect.DelegatingMethodAccessorImpl.invoke(DelegatingMethodAccessorImpl.java:43)\njava.base/java.lang.reflect.Method.invoke(Method.java:568)\norg.springframework.web.method.support.InvocableHandlerMethod.doInvoke(InvocableHandlerMethod.java:190)\norg.springframework.web.method.support.InvocableHandlerMethod.invokeForRequest(InvocableHandlerMethod.java:138)\norg.springframework.web.servlet.mvc.method.annotation.ServletInvocableHandlerMethod.invokeAndHandle(ServletInvocableHandlerMethod.java:105)\norg.springframework.web.servlet.mvc.method.annotation.RequestMappingHandlerAdapter.invokeHandlerMethod(RequestMappingHandlerAdapter.java:879)\norg.springframework.web.servlet.mvc.method.annotation.RequestMappingHandlerAdapter.handleInternal(RequestMappingHandlerAdapter.java:793)\norg.springframework.web.servlet.mvc.method.AbstractHandlerMethodAdapter.handle(AbstractHandlerMethodAdapter.java:87)\norg.springframework.web.servlet.DispatcherServlet.doDispatch(DispatcherServlet.java:1040)\norg.springframework.web.servlet.DispatcherServlet.doService(DispatcherServlet.java:943)\norg.springframework.web.servlet.FrameworkServlet.processRequest(FrameworkServlet.java:1006)\norg.springframework.web.servlet.FrameworkServlet.doGet(FrameworkServlet.java:898)\njavax.servlet.http.HttpServlet.service(HttpServlet.java:634)\norg.springframework.web.servlet.FrameworkServlet.service(FrameworkServlet.java:883)\norg.springframework.test.web.servlet.TestDispatcherServlet.service(TestDispatcherServlet.java:72)\njavax.servlet.http.HttpServlet.service(HttpServlet.java:741)\norg.springframework.mock.web.MockFilterChain$ServletFilterProxy.doFilter(MockFilterChain.java:167)\norg.springframework.mock.web.MockFilterChain.doFilter(MockFilterChain.java:134)\ncom.sap.hcp.cf.logging.servlet.filter.CompositeFilter$InternalFilterChain.doFilter(CompositeFilter.java:86)\ncom.sap.hcp.cf.logging.servlet.filter.GenerateRequestLogFilter.doFilter(GenerateRequestLogFilter.java:95)\ncom.sap.hcp.cf.logging.servlet.filter.GenerateRequestLogFilter.doFilterRequest(GenerateRequestLogFilter.java:82)\ncom.sap.hcp.cf.logging.servlet.filter.AbstractLoggingFilter.doFilter(AbstractLoggingFilter.java:20)\ncom.sap.hcp.cf.logging.servlet.filter.CompositeFilter$InternalFilterChain.doFilter(CompositeFilter.java:84)\ncom.sap.hcp.cf.logging.servlet.filter.AbstractLoggingFilter.doFilterRequest(AbstractLoggingFilter.java:47)\ncom.sap.hcp.cf.logging.servlet.filter.AbstractLoggingFilter.doFilter(AbstractLoggingFilter.java:20)\ncom.sap.hcp.cf.logging.servlet.filter.CompositeFilter$InternalFilterChain.doFilter(CompositeFilter.java:84)\ncom.sap.hcp.cf.logging.servlet.filter.AbstractLoggingFilter.doFilterRequest(AbstractLoggingFilter.java:47)\ncom.sap.hcp.cf.logging.servlet.filter.AbstractLoggingFilter.doFilter(AbstractLoggingFilter.java:20)\ncom.sap.hcp.cf.logging.servlet.filter.CompositeFilter$InternalFilterChain.doFilter(CompositeFilter.java:84)\ncom.sap.hcp.cf.logging.servlet.filter.AbstractLoggingFilter.doFilterRequest(AbstractLoggingFilter.java:47)\ncom.sap.hcp.cf.logging.servlet.filter.AbstractLoggingFilter.doFilter(AbstractLoggingFilter.java:20)\ncom.sap.hcp.cf.logging.servlet.filter.CompositeFilter$InternalFilterChain.doFilter(CompositeFilter.java:84)\ncom.sap.hcp.cf.logging.servlet.filter.AbstractLoggingFilter.doFilterRequest(AbstractLoggingFilter.java:47)\ncom.sap.hcp.cf.logging.servlet.filter.AbstractLoggingFilter.doFilter(AbstractLoggingFilter.java:20)\ncom.sap.hcp.cf.logging.servlet.filter.CompositeFilter$InternalFilterChain.doFilter(CompositeFilter.java:84)\ncom.sap.hcp.cf.logging.servlet.filter.CompositeFilter.doFilter(CompositeFilter.java:59)\norg.springframework.test.web.servlet.setup.PatternMappingFilterProxy.doFilter(PatternMappingFilterProxy.java:102)\norg.springframework.mock.web.MockFilterChain.doFilter(MockFilterChain.java:134)\norg.springframework.web.filter.RequestContextFilter.doFilterInternal(RequestContextFilter.java:100)\norg.springframework.web.filter.OncePerRequestFilter.doFilter(OncePerRequestFilter.java:119)\norg.springframework.mock.web.MockFilterChain.doFilter(MockFilterChain.java:134)\norg.springframework.web.filter.FormContentFilter.doFilterInternal(FormContentFilter.java:93)\norg.springframework.web.filter.OncePerRequestFilter.doFilter(OncePerRequestFilter.java:119)\norg.springframework.mock.web.MockFilterChain.doFilter(MockFilterChain.java:134)\norg.springframework.web.filter.CharacterEncodingFilter.doFilterInternal(CharacterEncodingFilter.java:201)\norg.springframework.web.filter.OncePerRequestFilter.doFilter(OncePerRequestFilter.java:119)\norg.springframework.mock.web.MockFilterChain.doFilter(MockFilterChain.java:134)\norg.springframework.test.web.servlet.MockMvc.perform(MockMvc.java:183)\ncom.sap.cc.bulletinboard.ads.AdvertisementTest.given_negativeID_when_getSingleAdvertisement_then_throwIllegalArgumentException(AdvertisementTest.java:73)\njava.base/jdk.internal.reflect.NativeMethodAccessorImpl.invoke0(Native Method)\njava.base/jdk.internal.reflect.NativeMethodAccessorImpl.invoke(NativeMethodAccessorImpl.java:77)\njava.base/jdk.internal.reflect.DelegatingMethodAccessorImpl.invoke(DelegatingMethodAccessorImpl.java:43)\njava.base/java.lang.reflect.Method.invoke(Method.java:568)\norg.junit.platform.commons.util.ReflectionUtils.invokeMethod(ReflectionUtils.java:686)\norg.junit.jupiter.engine.execution.MethodInvocation.proceed(MethodInvocation.java:60)\norg.junit.jupiter.engine.execution.InvocationInterceptorChain$ValidatingInvocation.proceed(InvocationInterceptorChain.java:131)\norg.junit.jupiter.engine.extension.TimeoutExtension.intercept(TimeoutExtension.java:149)\norg.junit.jupiter.engine.extension.TimeoutExtension.interceptTestableMethod(TimeoutExtension.java:140)\norg.junit.jupiter.engine.extension.TimeoutExtension.interceptTestMethod(TimeoutExtension.java:84)\norg.junit.jupiter.engine.execution.ExecutableInvoker$ReflectiveInterceptorCall.lambda$ofVoidMethod$0(ExecutableInvoker.java:115)\norg.junit.jupiter.engine.execution.ExecutableInvoker.lambda$invoke$0(ExecutableInvoker.java:105)\norg.junit.jupiter.engine.execution.InvocationInterceptorChain$InterceptedInvocation.proceed(InvocationInterceptorChain.java:106)\norg.junit.jupiter.engine.execution.InvocationInterceptorChain.proceed(InvocationInterceptorChain.java:64)\norg.junit.jupiter.engine.execution.InvocationInterceptorChain.chainAndInvoke(InvocationInterceptorChain.java:45)\norg.junit.jupiter.engine.execution.InvocationInterceptorChain.invoke(InvocationInterceptorChain.java:37)\norg.junit.jupiter.engine.execution.ExecutableInvoker.invoke(ExecutableInvoker.java:104)\norg.junit.jupiter.engine.execution.ExecutableInvoker.invoke(ExecutableInvoker.java:98)\norg.junit.jupiter.engine.descriptor.TestMethodTestDescriptor.lambda$invokeTestMethod$6(TestMethodTestDescriptor.java:212)\norg.junit.platform.engine.support.hierarchical.ThrowableCollector.execute(ThrowableCollector.java:73)\norg.junit.jupiter.engine.descriptor.TestMethodTestDescriptor.invokeTestMethod(TestMethodTestDescriptor.java:208)\norg.junit.jupiter.engine.descriptor.TestMethodTestDescriptor.execute(TestMethodTestDescriptor.java:137)\norg.junit.jupiter.engine.descriptor.TestMethodTestDescriptor.execute(TestMethodTestDescriptor.java:71)\norg.junit.platform.engine.support.hierarchical.NodeTestTask.lambda$executeRecursively$5(NodeTestTask.java:135)\norg.junit.platform.engine.support.hierarchical.ThrowableCollector.execute(ThrowableCollector.java:73)\norg.junit.platform.engine.support.hierarchical.NodeTestTask.lambda$executeRecursively$7(NodeTestTask.java:125)\norg.junit.platform.engine.support.hierarchical.Node.around(Node.java:135)\norg.junit.platform.engine.support.hierarchical.NodeTestTask.lambda$executeRecursively$8(NodeTestTask.java:123)\norg.junit.platform.engine.support.hierarchical.ThrowableCollector.execute(ThrowableCollector.java:73)\norg.junit.platform.engine.support.hierarchical.NodeTestTask.executeRecursively(NodeTestTask.java:122)\norg.junit.platform.engine.support.hierarchical.NodeTestTask.execute(NodeTestTask.java:80)\njava.base/java.util.ArrayList.forEach(ArrayList.java:1511)\norg.junit.platform.engine.support.hierarchical.SameThreadHierarchicalTestExecutorService.invokeAll(SameThreadHierarchicalTestExecutorService.java:38)\norg.junit.platform.engine.support.hierarchical.NodeTestTask.lambda$executeRecursively$5(NodeTestTask.java:139)\norg.junit.platform.engine.support.hierarchical.ThrowableCollector.execute(ThrowableCollector.java:73)\norg.junit.platform.engine.support.hierarchical.NodeTestTask.lambda$executeRecursively$7(NodeTestTask.java:125)\norg.junit.platform.engine.support.hierarchical.Node.around(Node.java:135)\norg.junit.platform.engine.support.hierarchical.NodeTestTask.lambda$executeRecursively$8(NodeTestTask.java:123)\norg.junit.platform.engine.support.hierarchical.ThrowableCollector.execute(ThrowableCollector.java:73)\norg.junit.platform.engine.support.hierarchical.NodeTestTask.executeRecursively(NodeTestTask.java:122)\norg.junit.platform.engine.support.hierarchical.NodeTestTask.execute(NodeTestTask.java:80)\njava.base/java.util.ArrayList.forEach(ArrayList.java:1511)\norg.junit.platform.engine.support.hierarchical.SameThreadHierarchicalTestExecutorService.invokeAll(SameThreadHierarchicalTestExecutorService.java:38)\norg.junit.platform.engine.support.hierarchical.NodeTestTask.lambda$executeRecursively$5(NodeTestTask.java:139)\norg.junit.platform.engine.support.hierarchical.ThrowableCollector.execute(ThrowableCollector.java:73)\norg.junit.platform.engine.support.hierarchical.NodeTestTask.lambda$executeRecursively$7(NodeTestTask.java:125)\norg.junit.platform.engine.support.hierarchical.Node.around(Node.java:135)\norg.junit.platform.engine.support.hierarchical.NodeTestTask.lambda$executeRecursively$8(NodeTestTask.java:123)\norg.junit.platform.engine.support.hierarchical.ThrowableCollector.execute(ThrowableCollector.java:73)\norg.junit.platform.engine.support.hierarchical.NodeTestTask.executeRecursively(NodeTestTask.java:122)\norg.junit.platform.engine.support.hierarchical.NodeTestTask.execute(NodeTestTask.java:80)\norg.junit.platform.engine.support.hierarchical.SameThreadHierarchicalTestExecutorService.submit(SameThreadHierarchicalTestExecutorService.java:32)\norg.junit.platform.engine.support.hierarchical.HierarchicalTestExecutor.execute(HierarchicalTestExecutor.java:57)\norg.junit.platform.engine.support.hierarchical.HierarchicalTestEngine.execute(HierarchicalTestEngine.java:51)\norg.junit.platform.launcher.core.DefaultLauncher.execute(DefaultLauncher.java:220)\norg.junit.platform.launcher.core.DefaultLauncher.lambda$execute$6(DefaultLauncher.java:188)\norg.junit.platform.launcher.core.DefaultLauncher.withInterceptedStreams(DefaultLauncher.java:202)\norg.junit.platform.launcher.core.DefaultLauncher.execute(DefaultLauncher.java:181)\norg.junit.platform.launcher.core.DefaultLauncher.execute(DefaultLauncher.java:128)\norg.apache.maven.surefire.junitplatform.JUnitPlatformProvider.invokeAllTests(JUnitPlatformProvider.java:150)\norg.apache.maven.surefire.junitplatform.JUnitPlatformProvider.invoke(JUnitPlatformProvider.java:124)\norg.apache.maven.surefire.booter.ForkedBooter.invokeProviderInSameClassLoader(ForkedBooter.java:384)\norg.apache.maven.surefire.booter.ForkedBooter.runSuitesInProcess(ForkedBooter.java:345)\norg.apache.maven.surefire.booter.ForkedBooter.execute(ForkedBooter.java:126)\norg.apache.maven.surefire.booter.ForkedBooter.main(ForkedBooter.java:418)\n ","level":"WARN","written_ts":"1693983367229708879","logger":"com.sap.cc.bulletinboard.ads.AdvertisementController","thread":"main","type":"log","endpoint":"/api/v1/ads/-2","correlation_id":"c7ab52a9-67e4-4b2c-a08f-527ed3bde8c6","written_at":"2023-09-06T06:56:07.229Z"}
{"msg":"IllegalArgumentException: Invalid advertisement ID","level":"WARN","written_ts":"1693983367236200572","logger":"com.sap.cc.bulletinboard.ads.GlobalExceptionHandler","written_at":"2023-09-06T06:56:07.235Z","thread":"main","type":"log"}
{"categories":["request"],"request":"/api/v1/ads/-2","request_size_b":-1,"logger":"com.sap.hcp.cf.logging.servlet.filter.RequestLogger","type":"request","layer":"[SERVLET]","protocol":"HTTP/1.1","remote_ip":"redacted","response_content_type":"text/plain;charset=UTF-8","request_received_at":"2023-09-06T06:56:07.226265708Z","written_at":"2023-09-06T06:56:07.239Z","response_time_ms":12.669484,"direction":"IN","response_sent_at":"2023-09-06T06:56:07.238935192Z","response_status":400,"method":"GET","level":"INFO","response_size_b":24,"written_ts":"1693983367239406268","remote_port":"redacted","thread":"main","remote_host":"redacted","correlation_id":"c7ab52a9-67e4-4b2c-a08f-527ed3bde8c6"}
{"msg":"Resolved [org.springframework.web.HttpRequestMethodNotSupportedException: Request method 'POST' not supported]","level":"WARN","written_ts":"1693983367258821775","logger":"org.springframework.web.servlet.mvc.support.DefaultHandlerExceptionResolver","thread":"main","type":"log","correlation_id":"211b468d-e22a-4977-8cab-d17b01390274","written_at":"2023-09-06T06:56:07.258Z"}
{"categories":["request"],"request":"/api/v1/ads/0","request_size_b":-1,"logger":"com.sap.hcp.cf.logging.servlet.filter.RequestLogger","type":"request","layer":"[SERVLET]","protocol":"HTTP/1.1","remote_ip":"redacted","request_received_at":"2023-09-06T06:56:07.255813208Z","written_at":"2023-09-06T06:56:07.259Z","response_time_ms":3.714398,"direction":"IN","response_sent_at":"2023-09-06T06:56:07.259527606Z","response_status":405,"method":"POST","level":"INFO","response_size_b":-1,"written_ts":"1693983367259811167","remote_port":"redacted","thread":"main","remote_host":"redacted","correlation_id":"211b468d-e22a-4977-8cab-d17b01390274"}
{"categories":["request"],"request":"/api/v1/ads/","request_size_b":99,"logger":"com.sap.hcp.cf.logging.servlet.filter.RequestLogger","type":"request","layer":"[SERVLET]","protocol":"HTTP/1.1","remote_ip":"redacted","response_content_type":"application/json","request_received_at":"2023-09-06T06:56:07.272886094Z","written_at":"2023-09-06T06:56:07.304Z","response_time_ms":31.024523,"direction":"IN","response_sent_at":"2023-09-06T06:56:07.303910617Z","response_status":201,"method":"POST","level":"INFO","response_size_b":98,"written_ts":"1693983367304264463","remote_port":"redacted","thread":"main","remote_host":"redacted","correlation_id":"09a7b60e-26be-40d1-955e-4d5a47ab143a"}
[INFO] Tests run: 7, Failures: 0, Errors: 0, Skipped: 0, Time elapsed: 3.503 s - in com.sap.cc.bulletinboard.ads.AdvertisementTest
[INFO] Running com.sap.cc.bulletinboard.ads.ReviewServiceClientTest
{"msg":"Neither @ContextConfiguration nor @ContextHierarchy found for test class [com.sap.cc.bulletinboard.ads.ReviewServiceClientTest], using SpringBootContextLoader","level":"INFO","written_ts":"1693983367327512447","logger":"org.springframework.boot.test.context.SpringBootTestContextBootstrapper","written_at":"2023-09-06T06:56:07.327Z","thread":"main","type":"log"}
{"msg":"Could not detect default resource locations for test class [com.sap.cc.bulletinboard.ads.ReviewServiceClientTest]: no resource found for suffixes {-context.xml, Context.groovy}.","level":"INFO","written_ts":"1693983367329488928","logger":"org.springframework.test.context.support.AbstractContextLoader","written_at":"2023-09-06T06:56:07.329Z","thread":"main","type":"log"}
{"msg":"Could not detect default configuration classes for test class [com.sap.cc.bulletinboard.ads.ReviewServiceClientTest]: ReviewServiceClientTest does not declare any static, non-private, non-final, nested classes annotated with @Configuration.","level":"INFO","written_ts":"1693983367329925127","logger":"org.springframework.test.context.support.AnnotationConfigContextLoaderUtils","written_at":"2023-09-06T06:56:07.329Z","thread":"main","type":"log"}
{"msg":"Found @SpringBootConfiguration com.sap.cc.bulletinboard.BulletinboardAdsApplication for test class com.sap.cc.bulletinboard.ads.ReviewServiceClientTest","level":"INFO","written_ts":"1693983367332363392","logger":"org.springframework.boot.test.context.SpringBootTestContextBootstrapper","written_at":"2023-09-06T06:56:07.332Z","thread":"main","type":"log"}
{"msg":"Loaded default TestExecutionListener class names from location [META-INF/spring.factories]: [org.springframework.boot.test.mock.mockito.MockitoTestExecutionListener, org.springframework.boot.test.mock.mockito.ResetMocksTestExecutionListener, org.springframework.boot.test.autoconfigure.restdocs.RestDocsTestExecutionListener, org.springframework.boot.test.autoconfigure.web.client.MockRestServiceServerResetTestExecutionListener, org.springframework.boot.test.autoconfigure.web.servlet.MockMvcPrintOnlyOnFailureTestExecutionListener, org.springframework.boot.test.autoconfigure.web.servlet.WebDriverTestExecutionListener, org.springframework.boot.test.autoconfigure.webservices.client.MockWebServiceServerTestExecutionListener, org.springframework.test.context.web.ServletTestExecutionListener, org.springframework.test.context.support.DirtiesContextBeforeModesTestExecutionListener, org.springframework.test.context.support.DependencyInjectionTestExecutionListener, org.springframework.test.context.support.DirtiesContextTestExecutionListener, org.springframework.test.context.transaction.TransactionalTestExecutionListener, org.springframework.test.context.jdbc.SqlScriptsTestExecutionListener, org.springframework.test.context.event.EventPublishingTestExecutionListener]","level":"INFO","written_ts":"1693983367334941525","logger":"org.springframework.boot.test.context.SpringBootTestContextBootstrapper","written_at":"2023-09-06T06:56:07.334Z","thread":"main","type":"log"}
{"msg":"Using TestExecutionListeners: [org.springframework.test.context.web.ServletTestExecutionListener@4dfbe8c2, org.springframework.test.context.support.DirtiesContextBeforeModesTestExecutionListener@2bb03136, org.springframework.boot.test.mock.mockito.MockitoTestExecutionListener@78a46d7b, org.springframework.boot.test.autoconfigure.SpringBootDependencyInjectionTestExecutionListener@2726b2f3, org.springframework.test.context.support.DirtiesContextTestExecutionListener@3509f32d, org.springframework.test.context.transaction.TransactionalTestExecutionListener@1f9a5d3b, org.springframework.test.context.jdbc.SqlScriptsTestExecutionListener@440e2406, org.springframework.test.context.event.EventPublishingTestExecutionListener@56adb75e, org.springframework.boot.test.mock.mockito.ResetMocksTestExecutionListener@2cc7b63d, org.springframework.boot.test.autoconfigure.restdocs.RestDocsTestExecutionListener@6179551b, org.springframework.boot.test.autoconfigure.web.client.MockRestServiceServerResetTestExecutionListener@54626326, org.springframework.boot.test.autoconfigure.web.servlet.MockMvcPrintOnlyOnFailureTestExecutionListener@6f4e39b3, org.springframework.boot.test.autoconfigure.web.servlet.WebDriverTestExecutionListener@7ea91c39, org.springframework.boot.test.autoconfigure.webservices.client.MockWebServiceServerTestExecutionListener@55d35f7a]","level":"INFO","written_ts":"1693983367336040482","logger":"org.springframework.boot.test.context.SpringBootTestContextBootstrapper","written_at":"2023-09-06T06:56:07.335Z","thread":"main","type":"log"}
{"msg":"MockWebServer[52677] starting to accept connections","level":"INFO","written_ts":"1693983367411479448","logger":"okhttp3.mockwebserver.MockWebServer","written_at":"2023-09-06T06:56:07.411Z","thread":"MockWebServer 52677","type":"log"}

  .   ____          _            __ _ _
 /\\ / ___'_ __ _ _(_)_ __  __ _ \ \ \ \
( ( )\___ | '_ | '_| | '_ \/ _` | \ \ \ \
 \\/  ___)| |_)| | | | | || (_| |  ) ) ) )
  '  |____| .__|_| |_|_| |_\__, | / / / /
 =========|_|==============|___/=/_/_/_/
 :: Spring Boot ::        (v2.3.1.RELEASE)

{"msg":"Starting ReviewServiceClientTest on qw-test with PID 1551803 (started by root in /home/root/cloud_native/exercise-code-java)","level":"INFO","written_ts":"1693983367497657948","logger":"com.sap.cc.bulletinboard.ads.ReviewServiceClientTest","written_at":"2023-09-06T06:56:07.497Z","thread":"main","type":"log"}
{"msg":"Running with Spring Boot v2.3.1.RELEASE, Spring v5.2.7.RELEASE","level":"DEBUG","written_ts":"1693983367498228871","logger":"com.sap.cc.bulletinboard.ads.ReviewServiceClientTest","written_at":"2023-09-06T06:56:07.498Z","thread":"main","type":"log"}
{"msg":"No active profile set, falling back to default profiles: default","level":"INFO","written_ts":"1693983367499670596","logger":"com.sap.cc.bulletinboard.ads.ReviewServiceClientTest","written_at":"2023-09-06T06:56:07.498Z","thread":"main","type":"log"}
{"msg":"Bootstrapping Spring Data JPA repositories in DEFAULT mode.","level":"INFO","written_ts":"1693983367873628808","logger":"org.springframework.data.repository.config.RepositoryConfigurationDelegate","written_at":"2023-09-06T06:56:07.873Z","thread":"main","type":"log"}
{"msg":"Finished Spring Data repository scanning in 10ms. Found 1 JPA repository interfaces.","level":"INFO","written_ts":"1693983367885237190","logger":"org.springframework.data.repository.config.RepositoryConfigurationDelegate","written_at":"2023-09-06T06:56:07.885Z","thread":"main","type":"log"}
{"msg":"HHH000204: Processing PersistenceUnitInfo [name: default]","level":"INFO","written_ts":"1693983368202853421","logger":"org.hibernate.jpa.internal.util.LogHelper","written_at":"2023-09-06T06:56:08.202Z","thread":"main","type":"log"}
{"msg":"HikariPool-2 - Starting...","level":"INFO","written_ts":"1693983368210970930","logger":"com.zaxxer.hikari.HikariDataSource","written_at":"2023-09-06T06:56:08.210Z","thread":"main","type":"log"}
{"msg":"HikariPool-2 - Start completed.","level":"INFO","written_ts":"1693983368258832847","logger":"com.zaxxer.hikari.HikariDataSource","written_at":"2023-09-06T06:56:08.258Z","thread":"main","type":"log"}
{"msg":"HHH000400: Using dialect: org.hibernate.dialect.PostgreSQL10Dialect","level":"INFO","written_ts":"1693983368259447257","logger":"org.hibernate.dialect.Dialect","written_at":"2023-09-06T06:56:08.259Z","thread":"main","type":"log"}
{"msg":"HHH000490: Using JtaPlatform implementation: [org.hibernate.engine.transaction.jta.platform.internal.NoJtaPlatform]","level":"INFO","written_ts":"1693983368355127697","logger":"org.hibernate.engine.transaction.jta.platform.internal.JtaPlatformInitiator","written_at":"2023-09-06T06:56:08.354Z","thread":"main","type":"log"}
{"msg":"Initialized JPA EntityManagerFactory for persistence unit 'default'","level":"INFO","written_ts":"1693983368355600632","logger":"org.springframework.orm.jpa.LocalContainerEntityManagerFactoryBean","written_at":"2023-09-06T06:56:08.355Z","thread":"main","type":"log"}
{"msg":"spring.jpa.open-in-view is enabled by default. Therefore, database queries may be performed during view rendering. Explicitly configure spring.jpa.open-in-view to disable this warning","level":"WARN","written_ts":"1693983368584446993","logger":"org.springframework.boot.autoconfigure.orm.jpa.JpaBaseConfiguration$JpaWebConfiguration","written_at":"2023-09-06T06:56:08.584Z","thread":"main","type":"log"}
{"msg":"Initializing ExecutorService 'applicationTaskExecutor'","level":"INFO","written_ts":"1693983368643612714","logger":"org.springframework.scheduling.concurrent.ThreadPoolTaskExecutor","written_at":"2023-09-06T06:56:08.643Z","thread":"main","type":"log"}
{"msg":"Adding welcome page: class path resource [static/index.html]","level":"INFO","written_ts":"1693983368676734698","logger":"org.springframework.boot.autoconfigure.web.servlet.WelcomePageHandlerMapping","written_at":"2023-09-06T06:56:08.676Z","thread":"main","type":"log"}
{"msg":"Started ReviewServiceClientTest in 1.416 seconds (JVM running for 11.498)","level":"INFO","written_ts":"1693983368860230350","logger":"com.sap.cc.bulletinboard.ads.ReviewServiceClientTest","written_at":"2023-09-06T06:56:08.860Z","thread":"main","type":"log"}
{"msg":"MockWebServer[52677] received request: GET /api/v1/ads/api/v1/averageRatings/ok@example.com HTTP/1.1 and responded: HTTP/1.1 200 OK","level":"INFO","written_ts":"1693983368895064296","logger":"okhttp3.mockwebserver.MockWebServer","written_at":"2023-09-06T06:56:08.894Z","thread":"MockWebServer /127.0.0.1:57378","type":"log"}
{"msg":"MockWebServer[52677] received request: GET /api/v1/ads/api/v1/averageRatings/flower@example.com HTTP/1.1 and responded: HTTP/1.1 200 OK","level":"INFO","written_ts":"1693983368907504437","logger":"okhttp3.mockwebserver.MockWebServer","written_at":"2023-09-06T06:56:08.907Z","thread":"MockWebServer /127.0.0.1:57378","type":"log"}
{"msg":"MockWebServer[52677] done accepting connections: Socket closed","level":"INFO","written_ts":"1693983368952785966","logger":"okhttp3.mockwebserver.MockWebServer","written_at":"2023-09-06T06:56:08.952Z","thread":"MockWebServer 52677","type":"log"}
[INFO] Tests run: 2, Failures: 0, Errors: 0, Skipped: 0, Time elapsed: 1.62 s - in com.sap.cc.bulletinboard.ads.ReviewServiceClientTest
[INFO] Running com.sap.cc.bulletinboard.BulletinboardAdsApplicationTests
{"msg":"Neither @ContextConfiguration nor @ContextHierarchy found for test class [com.sap.cc.bulletinboard.BulletinboardAdsApplicationTests], using SpringBootContextLoader","level":"INFO","written_ts":"1693983368955899030","logger":"org.springframework.boot.test.context.SpringBootTestContextBootstrapper","written_at":"2023-09-06T06:56:08.955Z","thread":"main","type":"log"}
{"msg":"Could not detect default resource locations for test class [com.sap.cc.bulletinboard.BulletinboardAdsApplicationTests]: no resource found for suffixes {-context.xml, Context.groovy}.","level":"INFO","written_ts":"1693983368956575853","logger":"org.springframework.test.context.support.AbstractContextLoader","written_at":"2023-09-06T06:56:08.956Z","thread":"main","type":"log"}
{"msg":"Could not detect default configuration classes for test class [com.sap.cc.bulletinboard.BulletinboardAdsApplicationTests]: BulletinboardAdsApplicationTests does not declare any static, non-private, non-final, nested classes annotated with @Configuration.","level":"INFO","written_ts":"1693983368956758524","logger":"org.springframework.test.context.support.AnnotationConfigContextLoaderUtils","written_at":"2023-09-06T06:56:08.956Z","thread":"main","type":"log"}
{"msg":"Found @SpringBootConfiguration com.sap.cc.bulletinboard.BulletinboardAdsApplication for test class com.sap.cc.bulletinboard.BulletinboardAdsApplicationTests","level":"INFO","written_ts":"1693983368960126711","logger":"org.springframework.boot.test.context.SpringBootTestContextBootstrapper","written_at":"2023-09-06T06:56:08.960Z","thread":"main","type":"log"}
{"msg":"Loaded default TestExecutionListener class names from location [META-INF/spring.factories]: [org.springframework.boot.test.mock.mockito.MockitoTestExecutionListener, org.springframework.boot.test.mock.mockito.ResetMocksTestExecutionListener, org.springframework.boot.test.autoconfigure.restdocs.RestDocsTestExecutionListener, org.springframework.boot.test.autoconfigure.web.client.MockRestServiceServerResetTestExecutionListener, org.springframework.boot.test.autoconfigure.web.servlet.MockMvcPrintOnlyOnFailureTestExecutionListener, org.springframework.boot.test.autoconfigure.web.servlet.WebDriverTestExecutionListener, org.springframework.boot.test.autoconfigure.webservices.client.MockWebServiceServerTestExecutionListener, org.springframework.test.context.web.ServletTestExecutionListener, org.springframework.test.context.support.DirtiesContextBeforeModesTestExecutionListener, org.springframework.test.context.support.DependencyInjectionTestExecutionListener, org.springframework.test.context.support.DirtiesContextTestExecutionListener, org.springframework.test.context.transaction.TransactionalTestExecutionListener, org.springframework.test.context.jdbc.SqlScriptsTestExecutionListener, org.springframework.test.context.event.EventPublishingTestExecutionListener]","level":"INFO","written_ts":"1693983368961106350","logger":"org.springframework.boot.test.context.SpringBootTestContextBootstrapper","written_at":"2023-09-06T06:56:08.961Z","thread":"main","type":"log"}
{"msg":"Using TestExecutionListeners: [org.springframework.test.context.web.ServletTestExecutionListener@1f1b69bb, org.springframework.test.context.support.DirtiesContextBeforeModesTestExecutionListener@c730e65, org.springframework.boot.test.mock.mockito.MockitoTestExecutionListener@616d9a6d, org.springframework.boot.test.autoconfigure.SpringBootDependencyInjectionTestExecutionListener@16263fb2, org.springframework.test.context.support.DirtiesContextTestExecutionListener@52b4da7c, org.springframework.test.context.transaction.TransactionalTestExecutionListener@4620e669, org.springframework.test.context.jdbc.SqlScriptsTestExecutionListener@4b93a232, org.springframework.test.context.event.EventPublishingTestExecutionListener@6c6fdf5d, org.springframework.boot.test.mock.mockito.ResetMocksTestExecutionListener@187c8f96, org.springframework.boot.test.autoconfigure.restdocs.RestDocsTestExecutionListener@592e315e, org.springframework.boot.test.autoconfigure.web.client.MockRestServiceServerResetTestExecutionListener@f7a8a7b, org.springframework.boot.test.autoconfigure.web.servlet.MockMvcPrintOnlyOnFailureTestExecutionListener@1dfd39fe, org.springframework.boot.test.autoconfigure.web.servlet.WebDriverTestExecutionListener@610115e8, org.springframework.boot.test.autoconfigure.webservices.client.MockWebServiceServerTestExecutionListener@498d7c57]","level":"INFO","written_ts":"1693983368961516808","logger":"org.springframework.boot.test.context.SpringBootTestContextBootstrapper","written_at":"2023-09-06T06:56:08.961Z","thread":"main","type":"log"}
[INFO] Tests run: 1, Failures: 0, Errors: 0, Skipped: 0, Time elapsed: 0.013 s - in com.sap.cc.bulletinboard.BulletinboardAdsApplicationTests
{"msg":"Shutting down ExecutorService 'applicationTaskExecutor'","level":"INFO","written_ts":"1693983368994543639","logger":"org.springframework.scheduling.concurrent.ThreadPoolTaskExecutor","written_at":"2023-09-06T06:56:08.994Z","thread":"SpringContextShutdownHook","type":"log"}
{"msg":"Closing JPA EntityManagerFactory for persistence unit 'default'","level":"INFO","written_ts":"1693983368995344196","logger":"org.springframework.orm.jpa.LocalContainerEntityManagerFactoryBean","written_at":"2023-09-06T06:56:08.995Z","thread":"SpringContextShutdownHook","type":"log"}
{"msg":"HikariPool-1 - Shutdown initiated...","level":"INFO","written_ts":"1693983368997582287","logger":"com.zaxxer.hikari.HikariDataSource","written_at":"2023-09-06T06:56:08.997Z","thread":"SpringContextShutdownHook","type":"log"}
{"msg":"HikariPool-1 - Shutdown completed.","level":"INFO","written_ts":"1693983369003322749","logger":"com.zaxxer.hikari.HikariDataSource","written_at":"2023-09-06T06:56:09.003Z","thread":"SpringContextShutdownHook","type":"log"}
{"msg":"Shutting down ExecutorService 'applicationTaskExecutor'","level":"INFO","written_ts":"1693983371015300998","logger":"org.springframework.scheduling.concurrent.ThreadPoolTaskExecutor","written_at":"2023-09-06T06:56:11.014Z","thread":"SpringContextShutdownHook","type":"log"}
{"msg":"Closing JPA EntityManagerFactory for persistence unit 'default'","level":"INFO","written_ts":"1693983371016862823","logger":"org.springframework.orm.jpa.LocalContainerEntityManagerFactoryBean","written_at":"2023-09-06T06:56:11.016Z","thread":"SpringContextShutdownHook","type":"log"}
{"msg":"HikariPool-2 - Shutdown initiated...","level":"INFO","written_ts":"1693983371018000563","logger":"com.zaxxer.hikari.HikariDataSource","written_at":"2023-09-06T06:56:11.017Z","thread":"SpringContextShutdownHook","type":"log"}
{"msg":"HikariPool-2 - Shutdown completed.","level":"INFO","written_ts":"1693983371026058568","logger":"com.zaxxer.hikari.HikariDataSource","written_at":"2023-09-06T06:56:11.025Z","thread":"SpringContextShutdownHook","type":"log"}
[INFO] 
[INFO] Results:
[INFO] 
[WARNING] Tests run: 18, Failures: 0, Errors: 0, Skipped: 1
[INFO] 
[INFO] 
[INFO] --- maven-jar-plugin:3.2.0:jar (default-jar) @ bulletinboard-ads ---
[INFO] Building jar: /home/root/cloud_native/exercise-code-java/target/bulletinboard-ads-0.0.1-SNAPSHOT.jar
[INFO] 
[INFO] --- spring-boot-maven-plugin:2.3.1.RELEASE:repackage (repackage) @ bulletinboard-ads ---
[INFO] Replacing main artifact with repackaged archive
[INFO] ------------------------------------------------------------------------
[INFO] BUILD SUCCESS
[INFO] ------------------------------------------------------------------------
[INFO] Total time: 19.061 s
[INFO] Finished at: 2023-09-06T14:56:12+08:00
[INFO] ------------------------------------------------------------------------
